hrn/build/outputs/mapping/release/seeds.txt
com.lukamicoder.bbcworldserviceplayer.MainActivity
com.lukamicoder.bbcworldserviceplayer.MainActivity: MainActivity()
com.lukamicoder.bbcworldserviceplayer.R$anim: int abc_fade_in
com.lukamicoder.bbcworldserviceplayer.R$anim: int abc_fade_out
com.lukamicoder.bbcworldserviceplayer.R$anim: int abc_grow_fade_in_from_bottom
com.lukamicoder.bbcworldserviceplayer.R$anim: int abc_popup_enter
com.lukamicoder.bbcworldserviceplayer.R$anim: int abc_popup_exit
com.lukamicoder.bbcworldserviceplayer.R$anim: int abc_shrink_fade_out_from_bottom
com.lukamicoder.bbcworldserviceplayer.R$anim: int abc_slide_in_bottom
com.lukamicoder.bbcworldserviceplayer.R$anim: int abc_slide_in_top
com.lukamicoder.bbcworldserviceplayer.R$anim: int abc_slide_out_bottom
com.lukamicoder.bbcworldserviceplayer.R$anim: int abc_slide_out_top
com.lukamicoder.bbcworldserviceplayer.R$attr: int actionBarDivider
com.lukamicoder.bbcworldserviceplayer.R$attr: int actionBarItemBackground
com.lukamicoder.bbcworldserviceplayer.R$attr: int actionBarPopupTheme
com.lukamicoder.bbcworldserviceplayer.R$attr: int actionBarSize
com.lukamicoder.bbcworldserviceplayer.R$attr: int actionBarSplitStyle
com.lukamicoder.bbcworldserviceplayer.R$attr: int actionBarStyle
com.lukamicoder.bbcworldserviceplayer.R$attr: int actionBarTabBarStyle
com.lukamicoder.bbcworldserviceplayer.R$attr: int actionBarTabStyle
com.lukamicoder.bbcworldserviceplayer.R$attr: int actionBarTabTextStyle
com.lukamicoder.bbcworldserviceplayer.R$attr: int actionBarTheme
com.lukamicoder.bbcworldserviceplayer.R$attr: int actionBarWidgetTheme
com.lukamicoder.bbcworldserviceplayer.R$attr: int actionButtonStyle
com.lukamicoder.bbcworldserviceplayer.R$attr: int actionDropDownStyle
com.lukamicoder.bbcworldserviceplayer.R$attr: int actionLayout
com.lukamicoder.bbcworldserviceplayer.R$attr: int actionMenuTextAppearance
com.lukamicoder.bbcworldserviceplayer.R$attr: int actionMenuTextColor
com.lukamicoder.bbcworldserviceplayer.R$attr: int actionModeBackground
com.lukamicoder.bbcworldserviceplayer.R$attr: int actionModeCloseButtonStyle
com.lukamicoder.bbcworldserviceplayer.R$attr: int actionModeCloseDrawable
com.lukamicoder.bbcworldserviceplayer.R$attr: int actionModeCopyDrawable
com.lukamicoder.bbcworldserviceplayer.R$attr: int actionModeCutDrawable
com.lukamicoder.bbcworldserviceplayer.R$bool: int abc_action_bar_embed_tabs
com.lukamicoder.bbcworldserviceplayer.R$bool: int abc_action_bar_embed_tabs_pre_jb
com.lukamicoder.bbcworldserviceplayer.R$bool: int abc_action_bar_expanded_action_views_exclusive
com.lukamicoder.bbcworldserviceplayer.R$bool: int abc_allow_stacked_button_bar
com.lukamicoder.bbcworldserviceplayer.R$bool: int abc_config_actionMenuItemAllCaps
com.lukamicoder.bbcworldserviceplayer.R$bool: int abc_config_allowActionMenuItemTextWithIcon
com.lukamicoder.bbcworldserviceplayer.R$bool: int abc_config_closeDialogWhenTouchOutside
com.lukamicoder.bbcworldserviceplayer.R$bool: int abc_config_showMenuShortcutsWhenKeyboardPresent
...
com.google.android.gms.internal.zzkm
com.google.android.gms.internal.zzkm: boolean zzLJ
com.google.android.gms.internal.zzkm: boolean zzLK
com.google.android.gms.internal.zzkm: boolean zzLL
com.google.android.gms.internal.zzkm: boolean zzLM
com.google.android.gms.internal.zzkm: boolean zzLN
com.google.android.gms.internal.zzkm: zzkm(com.google.android.gms.internal.zzkm$zza)
com.google.android.gms.internal.zzkm: org.json.JSONObject toJson()
com.google.android.gms.internal.zzkm: zzkm(com.google.android.gms.internal.zzkm$zza,com.google.android.gms.internal.zzkm$1)
com.google.android.gms.internal.zzkm$1
com.google.android.gms.internal.zzkm$zza
com.google.android.gms.internal.zzkm$zza: boolean zzLJ
com.google.android.gms.internal.zzkm$zza: boolean zzLK
com.google.android.gms.internal.zzkm$zza: boolean zzLL
com.google.android.gms.internal.zzkm$zza: boolean zzLM
com.google.android.gms.internal.zzkm$zza: boolean zzLN
com.google.android.gms.internal.zzkm$zza: zzkm$zza()
com.google.android.gms.internal.zzkm$zza: com.google.android.gms.internal.zzkm$zza zzt(boolean)
com.google.android.gms.internal.zzkm$zza: com.google.android.gms.internal.zzkm$zza zzu(boolean)
com.google.android.gms.internal.zzkm$zza: com.google.android.gms.internal.zzkm$zza zzv(boolean)
com.google.android.gms.internal.zzkm$zza: com.google.android.gms.internal.zzkm$zza zzw(boolean)
com.google.android.gms.internal.zzkm$zza: com.google.android.gms.internal.zzkm$zza zzx(boolean)
com.google.android.gms.internal.zzkm$zza: com.google.android.gms.internal.zzkm zzgT()
com.google.android.gms.internal.zzkm$zza: boolean zza(com.google.android.gms.internal.zzkm$zza)
com.google.android.gms.internal.zzkm$zza: boolean zzb(com.google.android.gms.internal.zzkm$zza)
com.google.android.gms.internal.zzkm$zza: boolean zzc(com.google.android.gms.internal.zzkm$zza)
com.google.android.gms.internal.zzkm$zza: boolean zzd(com.google.android.gms.internal.zzkm$zza)
com.google.android.gms.internal.zzkm$zza: boolean zze(com.google.android.gms.internal.zzkm$zza)
com.google.android.gms.internal.zzkn
com.google.android.gms.internal.zzkn: com.google.android.gms.internal.zzqp zzGt
com.google.android.gms.internal.zzkn: android.content.Context mContext
com.google.android.gms.internal.zzkn: android.view.WindowManager zzwf
com.google.android.gms.internal.zzkn: com.google.android.gms.internal.zzfp zzLO
com.google.android.gms.internal.zzkn: android.util.DisplayMetrics zzwO
com.google.android.gms.internal.zzkn: float zzLP
com.google.android.gms.internal.zzkn: int zzLQ
com.google.android.gms.internal.zzkn: int zzLR
com.google.android.gms.internal.zzkn: int zzLS
com.google.android.gms.internal.zzkn: int zzLT
com.google.android.gms.internal.zzkn: int zzLU
com.google.android.gms.internal.zzkn: int zzLV
com.google.android.gms.internal.zzkn: int zzLW
com.google.android.gms.internal.zzkn: zzkn(com.google.android.gms.internal.zzqp,android.content.Context,com.google.android.gms.internal.zzfp)
com.google.android.gms.internal.zzkn: void zzgU()
com.google.android.gms.internal.zzkn: void zzgV()
com.google.android.gms.internal.zzkn: void zzgW()
com.google.android.gms.internal.zzkn: void zzgX()
com.google.android.gms.internal.zzkn: void zzgY()
com.google.android.gms.internal.zzkn: void zzgZ()
com.google.android.gms.internal.zzkn: void zze(int,int)
com.google.android.gms.internal.zzkn: void zzha()
com.google.android.gms.internal.zzkn: void zzhb()
com.google.android.gms.internal.zzkn: com.google.android.gms.internal.zzkm zzhc()