hrn/build/outputs/mapping/release/mapping.txt
com.lukamicoder.bbcworldserviceplayer.MainActivity -> com.lukamicoder.bbcworldserviceplayer.MainActivity:
    android.media.MediaPlayer mediaPlayer -> n
    android.widget.TextView textViewInfo -> o
    android.view.Menu menu -> p
    android.app.NotificationManager nmanager -> q
    android.support.v7.app.NotificationCompat$Builder mBuilder -> r
    android.os.Handler durationHandler -> s
    android.os.Handler initHandler -> t
    android.os.Handler noInternetHandler -> u
    java.lang.Integer dotCount -> v
    java.lang.Integer noInternetInterval -> w
    java.lang.Integer initProgressInterval -> x
    java.lang.Integer initProgressCount -> y
    java.lang.Integer updateDurationInterval -> z
    java.lang.Integer NID -> A
    com.google.android.gms.ads.AdView mAdView -> B
    android.content.BroadcastReceiver broadcastReceiver -> C
    java.lang.Runnable updateDuration -> D
    java.lang.Runnable updateInitProgress -> E
    java.lang.Runnable checkInternet -> F
    void <init>() -> <init>
    void onCreate(android.os.Bundle) -> onCreate
    void preparePlayer() -> l
    void init() -> m
    boolean onCreateOptionsMenu(android.view.Menu) -> onCreateOptionsMenu
    boolean onOptionsItemSelected(android.view.MenuItem) -> onOptionsItemSelected
    void onBackPressed() -> onBackPressed
    void createNotification() -> n
    void unload() -> o
    void controlPlay() -> p
    java.lang.Boolean isInternetAvailable() -> q
com.lukamicoder.bbcworldserviceplayer.MainActivity$1 -> com.lukamicoder.bbcworldserviceplayer.MainActivity$1:
    com.lukamicoder.bbcworldserviceplayer.MainActivity this$0 -> a
    void <init>(com.lukamicoder.bbcworldserviceplayer.MainActivity) -> <init>
    void onPrepared(android.media.MediaPlayer) -> onPrepared
com.lukamicoder.bbcworldserviceplayer.MainActivity$2 -> com.lukamicoder.bbcworldserviceplayer.MainActivity$2:
    com.lukamicoder.bbcworldserviceplayer.MainActivity this$0 -> a
    void <init>(com.lukamicoder.bbcworldserviceplayer.MainActivity) -> <init>
    void onReceive(android.content.Context,android.content.Intent) -> onReceive
com.lukamicoder.bbcworldserviceplayer.MainActivity$3 -> com.lukamicoder.bbcworldserviceplayer.MainActivity$3:
    com.lukamicoder.bbcworldserviceplayer.MainActivity this$0 -> a
    void <init>(com.lukamicoder.bbcworldserviceplayer.MainActivity) -> <init>
    void run() -> run
com.lukamicoder.bbcworldserviceplayer.MainActivity$4 -> com.lukamicoder.bbcworldserviceplayer.MainActivity$4:
    com.lukamicoder.bbcworldserviceplayer.MainActivity this$0 -> a
    void <init>(com.lukamicoder.bbcworldserviceplayer.MainActivity) -> <init>
    void run() -> run
com.lukamicoder.bbcworldserviceplayer.MainActivity$5 -> com.lukamicoder.bbcworldserviceplayer.MainActivity$5:
    com.lukamicoder.bbcworldserviceplayer.MainActivity this$0 -> a
    void <init>(com.lukamicoder.bbcworldserviceplayer.MainActivity) -> <init>
    void run() -> run
...
android.support.v4.view.MotionEventCompatGingerbread -> android.support.v4.i.u:
    int getSource(android.view.MotionEvent) -> a
android.support.v4.view.MotionEventCompatHoneycombMr1 -> android.support.v4.i.v:
    float getAxisValue(android.view.MotionEvent,int) -> a
android.support.v4.view.NestedScrollingChild -> android.support.v4.i.w:
    void stopNestedScroll() -> stopNestedScroll
android.support.v4.view.NestedScrollingChildHelper -> android.support.v4.i.x:
    android.view.View mView -> a
    android.view.ViewParent mNestedScrollingParent -> b
    boolean mIsNestedScrollingEnabled -> c
    int[] mTempNestedScrollConsumed -> d
    void <init>(android.view.View) -> <init>
    void setNestedScrollingEnabled(boolean) -> a
    boolean isNestedScrollingEnabled() -> a
    boolean hasNestedScrollingParent() -> b
    boolean startNestedScroll(int) -> a
    void stopNestedScroll() -> c
    boolean dispatchNestedScroll(int,int,int,int,int[]) -> a
    boolean dispatchNestedPreScroll(int,int,int[],int[]) -> a
    boolean dispatchNestedFling(float,float,boolean) -> a
    boolean dispatchNestedPreFling(float,float) -> a
android.support.v4.view.NestedScrollingParent -> android.support.v4.i.y:
    boolean onStartNestedScroll(android.view.View,android.view.View,int) -> onStartNestedScroll
    void onNestedScrollAccepted(android.view.View,android.view.View,int) -> onNestedScrollAccepted
    void onStopNestedScroll(android.view.View) -> onStopNestedScroll
    void onNestedScroll(android.view.View,int,int,int,int) -> onNestedScroll
    void onNestedPreScroll(android.view.View,int,int,int[]) -> onNestedPreScroll
    boolean onNestedFling(android.view.View,float,float,boolean) -> onNestedFling
    boolean onNestedPreFling(android.view.View,float,float) -> onNestedPreFling
android.support.v4.view.NestedScrollingParentHelper -> android.support.v4.i.z:
    android.view.ViewGroup mViewGroup -> a
    int mNestedScrollAxes -> b
    void <init>(android.view.ViewGroup) -> <init>
    void onNestedScrollAccepted(android.view.View,android.view.View,int) -> a
    int getNestedScrollAxes() -> a
    void onStopNestedScroll(android.view.View) -> a
android.support.v4.view.OnApplyWindowInsetsListener -> android.support.v4.i.aa:
    android.support.v4.view.WindowInsetsCompat onApplyWindowInsets(android.view.View,android.support.v4.view.WindowInsetsCompat) -> a
android.support.v4.view.ScrollingView -> android.support.v4.i.ab:
    int computeVerticalScrollRange() -> computeVerticalScrollRange
    int computeVerticalScrollOffset() -> computeVerticalScrollOffset
    int computeVerticalScrollExtent() -> computeVerticalScrollExtent
android.support.v4.view.TintableBackgroundView -> android.support.v4.i.ac:
    void setSupportBackgroundTintList(android.content.res.ColorStateList) -> setSupportBackgroundTintList
    android.content.res.ColorStateList getSupportBackgroundTintList() -> getSupportBackgroundTintList
    void setSupportBackgroundTintMode(android.graphics.PorterDuff$Mode) -> setSupportBackgroundTintMode
    android.graphics.PorterDuff$Mode getSupportBackgroundTintMode() -> getSupportBackgroundTintMode
android.support.v4.view.VelocityTrackerCompat -> android.support.v4.i.ad:
    android.support.v4.view.VelocityTrackerCompat$VelocityTrackerVersionImpl IMPL -> a
    float getYVelocity(android.view.VelocityTracker,int) -> a
    void <clinit>() -> <clinit>
android.support.v4.view.VelocityTrackerCompat$BaseVelocityTrackerVersionImpl -> android.support.v4.i.ad$a:
    void <init>() -> <init>
    float getYVelocity(android.view.VelocityTracker,int) -> a
android.support.v4.view.VelocityTrackerCompat$HoneycombVelocityTrackerVersionImpl -> android.support.v4.i.ad$b:
    void <init>() -> <init>
    float getYVelocity(android.view.VelocityTracker,int) -> a
android.support.v4.view.VelocityTrackerCompat$VelocityTrackerVersionImpl -> android.support.v4.i.ad$c:
    float getYVelocity(android.view.VelocityTracker,int) -> a