hrn/build/outputs/mapping/release/usage.txt
com.lukamicoder.bbcworldserviceplayer.BuildConfig
com.lukamicoder.bbcworldserviceplayer.MainActivity:
    private static final java.lang.String EXIT_INTENT
    private static final java.lang.String PLAYCONTROL_INTENT
com.lukamicoder.bbcworldserviceplayer.Manifest
com.lukamicoder.bbcworldserviceplayer.Manifest$permission
com.lukamicoder.bbcworldserviceplayer.R
com.lukamicoder.bbcworldserviceplayer.R$anim
com.lukamicoder.bbcworldserviceplayer.R$attr
com.lukamicoder.bbcworldserviceplayer.R$bool
com.lukamicoder.bbcworldserviceplayer.R$color
com.lukamicoder.bbcworldserviceplayer.R$dimen
com.lukamicoder.bbcworldserviceplayer.R$drawable
com.lukamicoder.bbcworldserviceplayer.R$id
com.lukamicoder.bbcworldserviceplayer.R$integer
com.lukamicoder.bbcworldserviceplayer.R$layout
com.lukamicoder.bbcworldserviceplayer.R$menu
com.lukamicoder.bbcworldserviceplayer.R$mipmap
com.lukamicoder.bbcworldserviceplayer.R$string
com.lukamicoder.bbcworldserviceplayer.R$style
com.lukamicoder.bbcworldserviceplayer.R$styleable
...
android.support.v4.content.ContextCompatFroyo
android.support.v4.content.ContextCompatHoneycomb:
    27:27:ContextCompatHoneycomb()
    34:34:public static java.io.File getObbDir(android.content.Context)
android.support.v4.content.ContextCompatJellybean:
    23:23:ContextCompatJellybean()
android.support.v4.content.ContextCompatKitKat
android.support.v4.content.CursorLoader
android.support.v4.content.EditorCompatGingerbread
android.support.v4.content.ExecutorCompatHoneycomb
android.support.v4.content.FileProvider
android.support.v4.content.FileProvider$PathStrategy
android.support.v4.content.FileProvider$SimplePathStrategy
android.support.v4.content.IntentCompat:
    public static final java.lang.String ACTION_EXTERNAL_APPLICATIONS_AVAILABLE
    public static final java.lang.String ACTION_EXTERNAL_APPLICATIONS_UNAVAILABLE
    public static final java.lang.String EXTRA_CHANGED_PACKAGE_LIST
    public static final java.lang.String EXTRA_CHANGED_UID_LIST
    public static final java.lang.String EXTRA_HTML_TEXT
    public static final java.lang.String CATEGORY_LEANBACK_LAUNCHER
    public static final int FLAG_ACTIVITY_TASK_ON_HOME
    public static final int FLAG_ACTIVITY_CLEAR_TASK
    95:97:private IntentCompat()
    255:255:public static android.content.Intent makeMainSelectorActivity(java.lang.String,java.lang.String)
    272:272:public static android.content.Intent makeRestartActivityTask(android.content.ComponentName)
android.support.v4.content.IntentCompat$IntentCompatImpl:
    public abstract android.content.Intent makeMainSelectorActivity(java.lang.String,java.lang.String)
    public abstract android.content.Intent makeRestartActivityTask(android.content.ComponentName)
android.support.v4.content.IntentCompat$IntentCompatImplBase:
    51:53:public android.content.Intent makeMainSelectorActivity(java.lang.String,java.lang.String)
    58:61:public android.content.Intent makeRestartActivityTask(android.content.ComponentName)
android.support.v4.content.IntentCompat$IntentCompatImplHC:
    72:72:public android.content.Intent makeRestartActivityTask(android.content.ComponentName)
android.support.v4.content.IntentCompat$IntentCompatImplIcsMr1:
    79:79:public android.content.Intent makeMainSelectorActivity(java.lang.String,java.lang.String)
android.support.v4.content.IntentCompatHoneycomb:
    22:22:IntentCompatHoneycomb()
    28:28:public static android.content.Intent makeRestartActivityTask(android.content.ComponentName)
android.support.v4.content.IntentCompatIcsMr1
android.support.v4.content.Loader:
    android.content.Context mContext
    39:115:public Loader(android.content.Context)
    125:128:public void deliverResult(java.lang.Object)
    137:140:public void deliverCancellation()
    146:146:public android.content.Context getContext()
    153:153:public int getId()
    226:226:public boolean isStarted()
    235:235:public boolean isAbandoned()
    244:244:public boolean isReset()
    302:302:public boolean cancelLoad()
    317:317:protected boolean onCancelLoad()
    329:330:public void forceLoad()
    337:337:protected void onForceLoad()
    385:387:public void abandon()
    399:399:protected void onAbandon()
    443:446:public boolean takeContentChanged()
    457:458:public void commitContentChanged()
    468:471:public void rollbackContentChanged()
    482:490:public void onContentChanged()
android.support.v4.content.Loader$ForceLoadContentObserver
android.support.v4.content.Loader$OnLoadCanceledListener:
    public abstract void onLoadCanceled(android.support.v4.content.Loader)
android.support.v4.content.Loader$OnLoadCompleteListener:
    public abstract void onLoadComplete(android.support.v4.content.Loader,java.lang.Object)
android.support.v4.content.LocalBroadcastManager
android.support.v4.content.LocalBroadcastManager$1
android.support.v4.content.LocalBroadcastManager$BroadcastRecord
android.support.v4.content.LocalBroadcastManager$ReceiverRecord
android.support.v4.content.ModernAsyncTask